[2023-05-16 12:22:58,905] multiqc                                            [DEBUG  ]  This is MultiQC v1.14
[2023-05-16 12:22:58,905] multiqc                                            [DEBUG  ]  Command used: /home/george_a/.local/bin/multiqc /home/george_a/Documentos/Mtb_UAM_unizar/Analysis/Outputs/2_Reports/1_trimm_report --profile-runtime -n /home/george_a/Documentos/Mtb_UAM_unizar/Analysis/Outputs/2_Reports/3_multiqc_reports/multiqc_reports_txt -o /home/george_a/Documentos/Mtb_UAM_unizar/Analysis/Outputs/2_Reports/3_multiqc_reports/multiqc_reports
[2023-05-16 12:22:59,259] multiqc                                            [DEBUG  ]  Latest MultiQC version is v1.14
[2023-05-16 12:22:59,260] multiqc                                            [DEBUG  ]  Working dir : /home/george_a/Documentos/Mtb_UAM_unizar
[2023-05-16 12:22:59,260] multiqc                                            [DEBUG  ]  Template    : default
[2023-05-16 12:22:59,260] multiqc                                            [DEBUG  ]  Running Python 3.10.6 (main, Mar 10 2023, 10:55:28) [GCC 11.3.0]
[2023-05-16 12:22:59,261] multiqc                                            [DEBUG  ]  Analysing modules: custom_content, ccs, ngsderive, purple, conpair, lima, peddy, somalier, methylQA, mosdepth, phantompeakqualtools, qualimap, preseq, hifiasm, quast, qorts, rna_seqc, rockhopper, rsem, rseqc, busco, bustools, goleft_indexcov, gffcompare, disambiguate, supernova, deeptools, sargasso, verifybamid, mirtrace, happy, mirtop, sambamba, gopeaks, homer, hops, macs2, theta2, snpeff, gatk, htseq, bcftools, featureCounts, fgbio, dragen, dragen_fastqc, dedup, pbmarkdup, damageprofiler, biobambam2, jcvi, mtnucratio, picard, vep, sentieon, prokka, qc3C, nanostat, samblaster, samtools, sexdeterrmine, eigenstratdatabasetools, bamtools, jellyfish, vcftools, longranger, stacks, varscan2, snippy, umitools, bbmap, bismark, biscuit, diamond, hicexplorer, hicup, hicpro, salmon, kallisto, slamdunk, star, hisat2, tophat, bowtie2, bowtie1, cellranger, snpsplit, odgi, pangolin, nextclade, humid, kat, leehom, adapterRemoval, bbduk, clipandmerge, cutadapt, flexbar, kaiju, kraken, malt, motus, trimmomatic, sickle, skewer, sortmerna, biobloomtools, fastq_screen, afterqc, fastp, fastqc, filtlong, prinseqplusplus, pychopper, porechop, pycoqc, minionqc, anglerfish, multivcfanalyzer, clusterflow, checkqc, bcl2fastq, bclconvert, interop, ivar, flash, seqyclean, optitype, whatshap
[2023-05-16 12:22:59,262] multiqc                                            [DEBUG  ]  Using temporary directory for creating report: /tmp/tmpu3gs8mas
[2023-05-16 12:22:59,382] multiqc                                            [INFO   ]  Search path : /home/george_a/Documentos/Mtb_UAM_unizar/Analysis/Outputs/2_Reports/1_trimm_report
[2023-05-16 12:23:00,233] multiqc                                            [DEBUG  ]  Summary of files that were skipped by the search: [skipped_module_specific_max_filesize: 680]
[2023-05-16 12:23:00,426] multiqc.plots.bargraph                             [DEBUG  ]  Using matplotlib version 3.7.1
[2023-05-16 12:23:00,426] multiqc.plots.linegraph                            [DEBUG  ]  Using matplotlib version 3.7.1
[2023-05-16 12:23:00,427] multiqc                                            [DEBUG  ]  No samples found: custom_content
[2023-05-16 12:23:00,491] multiqc.modules.cutadapt.cutadapt                  [DEBUG  ]  Duplicate sample name found! Overwriting: 1_2
[2023-05-16 12:23:00,492] multiqc.modules.cutadapt.cutadapt                  [DEBUG  ]  Duplicate sample name found! Overwriting: 1_1
[2023-05-16 12:23:00,493] multiqc.modules.cutadapt.cutadapt                  [DEBUG  ]  Duplicate sample name found! Overwriting: 2_2
[2023-05-16 12:23:00,494] multiqc.modules.cutadapt.cutadapt                  [DEBUG  ]  Duplicate sample name found! Overwriting: 2_1
[2023-05-16 12:23:00,553] multiqc.modules.cutadapt.cutadapt                  [INFO   ]  Found 132 reports
[2023-05-16 12:23:02,447] multiqc.utils.profile_runtime                      [INFO   ]  Running run time profiling module
[2023-05-16 12:23:03,304] multiqc                                            [INFO   ]  Compressing plot data
[2023-05-16 12:23:03,309] multiqc                                            [INFO   ]  Report      : Analysis/Outputs/2_Reports/3_multiqc_reports/multiqc_reports_txt.html
[2023-05-16 12:23:03,309] multiqc                                            [INFO   ]  Data        : Analysis/Outputs/2_Reports/3_multiqc_reports/multiqc_reports_txt_data
[2023-05-16 12:23:03,309] multiqc                                            [DEBUG  ]  Moving data file from '/tmp/tmpu3gs8mas/multiqc_data' to '/home/george_a/Documentos/Mtb_UAM_unizar/Analysis/Outputs/2_Reports/3_multiqc_reports/multiqc_reports_txt_data'
[2023-05-16 12:23:03,362] multiqc                                            [INFO   ]  MultiQC complete
[2023-05-16 12:23:03,362] multiqc                                            [INFO   ]  Run took 4.46 seconds
[2023-05-16 12:23:03,362] multiqc                                            [INFO   ]   - 0.85s: Searching files
[2023-05-16 12:23:03,362] multiqc                                            [INFO   ]   - 2.21s: Running modules
[2023-05-16 12:23:03,362] multiqc                                            [INFO   ]   - 0.00s: Compressing report data
[2023-05-16 12:23:03,362] multiqc                                            [INFO   ]  For more information, see the 'Run Time' section in Analysis/Outputs/2_Reports/3_multiqc_reports/multiqc_reports_txt.html
[2023-05-16 12:23:03,363] multiqc                                            [WARNING]  3 flat-image plots used in the report due to large sample numbers
